<?xml version="1.0" encoding="UTF-8"?>
<!-- Generated by org.testng.reporters.JUnitReportReporter -->
<testsuite name="tests.SearchVacationRental" tests="1" time="19.302" ignored="0" failures="0" timestamp="06 Jun 2019 03:48:51 GMT" skipped="0" hostname="DESKTOP-5TRQ2HB" errors="0">
  <testcase name="vacationRental" time="19.302" classname="tests.SearchVacationRental"/>
</testsuite> <!-- tests.SearchVacationRental -->
