<?xml version="1.0" encoding="UTF-8"?>
<!-- Generated by org.testng.reporters.JUnitReportReporter -->
<testsuite hostname="DESKTOP-5TRQ2HB" name="tests.CreateAnAccountWithExpedia" tests="1" failures="0" timestamp="10 Jun 2019 19:38:31 GMT" time="13.105" errors="0">
  <testcase name="accountHeader" time="13.105" classname="tests.CreateAnAccountWithExpedia"/>
</testsuite> <!-- tests.CreateAnAccountWithExpedia -->
