<?xml version="1.0" encoding="UTF-8"?>
<!-- Generated by org.testng.reporters.JUnitReportReporter -->
<testsuite hostname="DESKTOP-5TRQ2HB" name="tests.writeinXl" tests="1" failures="0" timestamp="1 Jun 2019 18:13:41 GMT" time="10.101" errors="0">
  <testcase name="testWriteinxl" time="10.101" classname="tests.writeinXl"/>
</testsuite> <!-- tests.writeinXl -->
