<?xml version="1.0" encoding="UTF-8"?>
<!-- Generated by org.testng.reporters.JUnitReportReporter -->
<testsuite hostname="DESKTOP-5TRQ2HB" name="tests.VerifyExpediaLogoandQRCodeDisplayedonTheHomePage" tests="2" failures="0" timestamp="10 Jun 2019 19:38:31 GMT" time="19.566" errors="0">
  <testcase name="expediaLogo" time="9.439" classname="tests.VerifyExpediaLogoandQRCodeDisplayedonTheHomePage"/>
  <testcase name="scanQRCode" time="10.127" classname="tests.VerifyExpediaLogoandQRCodeDisplayedonTheHomePage"/>
</testsuite> <!-- tests.VerifyExpediaLogoandQRCodeDisplayedonTheHomePage -->
