<?xml version="1.0" encoding="UTF-8"?>
<!-- Generated by org.testng.reporters.JUnitReportReporter -->
<testsuite name="tests.SigninwithValidCredentials" tests="1" time="14.988" ignored="0" failures="0" timestamp="01 Jun 2019 18:34:31 GMT" skipped="0" hostname="DESKTOP-5TRQ2HB" errors="0">
  <testcase name="signInAccount" time="14.988" classname="tests.SigninwithValidCredentials"/>
</testsuite> <!-- tests.SigninwithValidCredentials -->
