<?xml version="1.0" encoding="UTF-8"?>
<!-- Generated by org.testng.reporters.JUnitReportReporter -->
<testsuite name="tests.Screenshots" tests="1" time="14.516" ignored="2" failures="0" timestamp="09 Jun 2019 17:18:59 GMT" skipped="0" hostname="DESKTOP-5TRQ2HB" errors="0">
  <testcase name="pictureCapture" time="14.516" classname="tests.Screenshots"/>
  <testcase name="dynamicath" classname="tests.DynamicPathasNotePad">
    <skipped/>
  </testcase> <!-- dynamicath -->
  <testcase name="alertMessage" classname="tests.AlertMessage">
    <skipped/>
  </testcase> <!-- alertMessage -->
</testsuite> <!-- tests.Screenshots -->
