<?xml version="1.0" encoding="UTF-8"?>
<!-- Generated by org.testng.reporters.JUnitReportReporter -->
<testsuite hostname="DESKTOP-5TRQ2HB" name="tests.SearchThingstoDobyDestination" tests="1" failures="0" timestamp="26 May 2019 21:26:18 GMT" time="21.259" errors="0">
  <testcase name="thingstoDo" time="21.259" classname="tests.SearchThingstoDobyDestination"/>
</testsuite> <!-- tests.SearchThingstoDobyDestination -->
