<?xml version="1.0" encoding="UTF-8"?>
<!-- Generated by org.testng.reporters.JUnitReportReporter -->
<testsuite hostname="DESKTOP-5TRQ2HB" name="tests.PageImages" tests="2" failures="0" timestamp="21 May 2019 06:35:01 GMT" time="0.159" errors="0">
  <testcase name="expediaLogo" time="0.108" classname="tests.PageImages"/>
  <testcase name="scanQRCode" time="0.051" classname="tests.PageImages"/>
</testsuite> <!-- tests.PageImages -->
