<?xml version="1.0" encoding="UTF-8"?>
<!-- Generated by org.testng.reporters.JUnitReportReporter -->
<testsuite hostname="DESKTOP-5TRQ2HB" name="tests.Screenshots" tests="1" failures="0" timestamp="1 Jun 2019 18:13:41 GMT" time="9.568" errors="0">
  <testcase name="pictureCapture" time="9.568" classname="tests.Screenshots"/>
</testsuite> <!-- tests.Screenshots -->
