<?xml version="1.0" encoding="UTF-8"?>
<!-- Generated by org.testng.reporters.JUnitReportReporter -->
<testsuite name="tests.VerifyallFooterlinksDisplayedasRequirements" tests="2" time="0.015" ignored="7" failures="0" timestamp="10 Jun 2019 20:06:04 GMT" skipped="0" hostname="DESKTOP-5TRQ2HB" errors="2">
  <testcase name="expedia" time="0.014" classname="tests.VerifyallFooterlinksDisplayedasRequirements">
    <error type="java.lang.NullPointerException">
      <![CDATA[java.lang.NullPointerException
	at utils.WebDriverFunctions.linkTextsVis(WebDriverFunctions.java:103)
	at tests.VerifyallFooterlinksDisplayedasRequirements.expedia(VerifyallFooterlinksDisplayedasRequirements.java:16)
	at sun.reflect.NativeMethodAccessorImpl.invoke0(Native Method)
	at sun.reflect.NativeMethodAccessorImpl.invoke(Unknown Source)
	at sun.reflect.DelegatingMethodAccessorImpl.invoke(Unknown Source)
	at java.lang.reflect.Method.invoke(Unknown Source)
	at org.testng.internal.MethodInvocationHelper.invokeMethod(MethodInvocationHelper.java:104)
	at org.testng.internal.Invoker.invokeMethod(Invoker.java:645)
	at org.testng.internal.Invoker.invokeTestMethod(Invoker.java:851)
	at org.testng.internal.Invoker.invokeTestMethods(Invoker.java:1177)
	at org.testng.internal.TestMethodWorker.invokeTestMethods(TestMethodWorker.java:129)
	at org.testng.internal.TestMethodWorker.run(TestMethodWorker.java:112)
	at org.testng.TestRunner.privateRun(TestRunner.java:756)
	at org.testng.TestRunner.run(TestRunner.java:610)
	at org.testng.SuiteRunner.runTest(SuiteRunner.java:387)
	at org.testng.SuiteRunner.runSequentially(SuiteRunner.java:382)
	at org.testng.SuiteRunner.privateRun(SuiteRunner.java:340)
	at org.testng.SuiteRunner.run(SuiteRunner.java:289)
	at org.testng.SuiteRunnerWorker.runSuite(SuiteRunnerWorker.java:52)
	at org.testng.SuiteRunnerWorker.run(SuiteRunnerWorker.java:86)
	at org.testng.TestNG.runSuitesSequentially(TestNG.java:1293)
	at org.testng.TestNG.runSuitesLocally(TestNG.java:1218)
	at org.testng.TestNG.runSuites(TestNG.java:1133)
	at org.testng.TestNG.run(TestNG.java:1104)
	at org.testng.remote.AbstractRemoteTestNG.run(AbstractRemoteTestNG.java:132)
	at org.testng.remote.RemoteTestNG.initAndRun(RemoteTestNG.java:236)
	at org.testng.remote.RemoteTestNG.main(RemoteTestNG.java:81)
]]>
    </error>
  </testcase> <!-- expedia -->
  <testcase name="expediaLinksFooterLinktexts" time="0.001" classname="tests.VerifyallFooterlinksDisplayedasRequirements">
    <error type="java.lang.NullPointerException">
      <![CDATA[java.lang.NullPointerException
	at utils.WebDriverFunctions.linkTextsVis(WebDriverFunctions.java:103)
	at tests.VerifyallFooterlinksDisplayedasRequirements.expediaLinksFooterLinktexts(VerifyallFooterlinksDisplayedasRequirements.java:55)
	at sun.reflect.NativeMethodAccessorImpl.invoke0(Native Method)
	at sun.reflect.NativeMethodAccessorImpl.invoke(Unknown Source)
	at sun.reflect.DelegatingMethodAccessorImpl.invoke(Unknown Source)
	at java.lang.reflect.Method.invoke(Unknown Source)
	at org.testng.internal.MethodInvocationHelper.invokeMethod(MethodInvocationHelper.java:104)
	at org.testng.internal.Invoker.invokeMethod(Invoker.java:645)
	at org.testng.internal.Invoker.invokeTestMethod(Invoker.java:851)
	at org.testng.internal.Invoker.invokeTestMethods(Invoker.java:1177)
	at org.testng.internal.TestMethodWorker.invokeTestMethods(TestMethodWorker.java:129)
	at org.testng.internal.TestMethodWorker.run(TestMethodWorker.java:112)
	at org.testng.TestRunner.privateRun(TestRunner.java:756)
	at org.testng.TestRunner.run(TestRunner.java:610)
	at org.testng.SuiteRunner.runTest(SuiteRunner.java:387)
	at org.testng.SuiteRunner.runSequentially(SuiteRunner.java:382)
	at org.testng.SuiteRunner.privateRun(SuiteRunner.java:340)
	at org.testng.SuiteRunner.run(SuiteRunner.java:289)
	at org.testng.SuiteRunnerWorker.runSuite(SuiteRunnerWorker.java:52)
	at org.testng.SuiteRunnerWorker.run(SuiteRunnerWorker.java:86)
	at org.testng.TestNG.runSuitesSequentially(TestNG.java:1293)
	at org.testng.TestNG.runSuitesLocally(TestNG.java:1218)
	at org.testng.TestNG.runSuites(TestNG.java:1133)
	at org.testng.TestNG.run(TestNG.java:1104)
	at org.testng.remote.AbstractRemoteTestNG.run(AbstractRemoteTestNG.java:132)
	at org.testng.remote.RemoteTestNG.initAndRun(RemoteTestNG.java:236)
	at org.testng.remote.RemoteTestNG.main(RemoteTestNG.java:81)
]]>
    </error>
  </testcase> <!-- expediaLinksFooterLinktexts -->
  <testcase name="expediaGlobalSitesFooterLinkTexts" classname="tests.VerifyallFooterlinksDisplayedasRequirements">
    <skipped/>
  </testcase> <!-- expediaGlobalSitesFooterLinkTexts -->
  <testcase name="expediaEndTextAfterLinkTexts" classname="tests.VerifyallFooterlinksDisplayedasRequirements">
    <skipped/>
  </testcase> <!-- expediaEndTextAfterLinkTexts -->
  <testcase name="expediaRewardsFooterLinkTexts" classname="tests.VerifyallFooterlinksDisplayedasRequirements">
    <skipped/>
  </testcase> <!-- expediaRewardsFooterLinkTexts -->
  <testcase name="expediaFooterLinkTexts" classname="tests.VerifyallFooterlinksDisplayedasRequirements">
    <skipped/>
  </testcase> <!-- expediaFooterLinkTexts -->
  <testcase name="expediaPartnerServicesFooterLinkTexts" classname="tests.VerifyallFooterlinksDisplayedasRequirements">
    <skipped/>
  </testcase> <!-- expediaPartnerServicesFooterLinkTexts -->
  <testcase name="expediaSitemapsFooterLinkTexts" classname="tests.VerifyallFooterlinksDisplayedasRequirements">
    <skipped/>
  </testcase> <!-- expediaSitemapsFooterLinkTexts -->
  <testcase name="expediaPartnersFooterLinktexts" classname="tests.VerifyallFooterlinksDisplayedasRequirements">
    <skipped/>
  </testcase> <!-- expediaPartnersFooterLinktexts -->
</testsuite> <!-- tests.VerifyallFooterlinksDisplayedasRequirements -->
