<?xml version="1.0" encoding="UTF-8"?>
<!-- Generated by org.testng.reporters.JUnitReportReporter -->
<testsuite name="tests.VerifyUserLandedontheRightPage" tests="1" time="10.137" ignored="0" failures="0" timestamp="25 Jun 2019 18:35:21 GMT" skipped="0" hostname="DESKTOP-5TRQ2HB" errors="0">
  <testcase name="userLandedontherightpage" time="10.137" classname="tests.VerifyUserLandedontheRightPage"/>
</testsuite> <!-- tests.VerifyUserLandedontheRightPage -->
