<?xml version="1.0" encoding="UTF-8"?>
<!-- Generated by org.testng.reporters.JUnitReportReporter -->
<testsuite hostname="DESKTOP-5TRQ2HB" name="tests.VerifyExpediaLogoandQRCodeDisplayedonTheHomePage" tests="2" failures="0" timestamp="1 Jun 2019 18:13:41 GMT" time="17.115" errors="0">
  <testcase name="scanQRCode" time="8.988" classname="tests.VerifyExpediaLogoandQRCodeDisplayedonTheHomePage"/>
  <testcase name="expediaLogo" time="8.127" classname="tests.VerifyExpediaLogoandQRCodeDisplayedonTheHomePage"/>
</testsuite> <!-- tests.VerifyExpediaLogoandQRCodeDisplayedonTheHomePage -->
