<?xml version="1.0" encoding="UTF-8"?>
<!-- Generated by org.testng.reporters.JUnitReportReporter -->
<testsuite hostname="DESKTOP-5TRQ2HB" name="tests.VerifyUserLandedontheRightPage" tests="1" failures="0" timestamp="1 Jun 2019 00:56:04 GMT" time="10.468" errors="0">
  <testcase name="userLandedontherightpage" time="10.468" classname="tests.VerifyUserLandedontheRightPage"/>
</testsuite> <!-- tests.VerifyUserLandedontheRightPage -->
