<?xml version="1.0" encoding="UTF-8"?>
<!-- Generated by org.testng.reporters.JUnitReportReporter -->
<testsuite hostname="DESKTOP-5TRQ2HB" name="tests.CreateAnAccount" tests="8" failures="0" timestamp="23 May 2019 05:08:41 GMT" time="7.616" errors="0">
  <testcase name="cAccSubmitButton" time="0.140" classname="tests.CreateAnAccount"/>
  <testcase name="accountHeader" time="0.170" classname="tests.CreateAnAccount"/>
  <testcase name="info" time="3.751" classname="tests.CreateAnAccount"/>
  <testcase name="creatAnAccountFromDropDown" time="0.167" classname="tests.CreateAnAccount"/>
  <testcase name="info" time="2.755" classname="tests.CreateAnAccount"/>
  <testcase name="creatAnAccountFromDropDown" time="0.164" classname="tests.CreateAnAccount"/>
  <testcase name="cAccSubmitButton" time="0.280" classname="tests.CreateAnAccount"/>
  <testcase name="accountHeader" time="0.189" classname="tests.CreateAnAccount"/>
</testsuite> <!-- tests.CreateAnAccount -->
