<?xml version="1.0" encoding="UTF-8"?>
<!-- Generated by org.testng.reporters.JUnitReportReporter -->
<testsuite hostname="DESKTOP-5TRQ2HB" name="tests.HeaderTabsTests" tests="8" failures="0" timestamp="14 May 2019 05:24:50 GMT" time="29.776" errors="0">
  <testcase name="thingsToDo" time="1.918" classname="tests.HeaderTabsTests"/>
  <testcase name="cruises" time="3.293" classname="tests.HeaderTabsTests"/>
  <testcase name="bundleAndSave" time="3.982" classname="tests.HeaderTabsTests"/>
  <testcase name="flights" time="5.054" classname="tests.HeaderTabsTests"/>
  <testcase name="deals" time="2.218" classname="tests.HeaderTabsTests"/>
  <testcase name="mobile" time="4.496" classname="tests.HeaderTabsTests"/>
  <testcase name="cars" time="3.911" classname="tests.HeaderTabsTests"/>
  <testcase name="hotels" time="4.904" classname="tests.HeaderTabsTests"/>
</testsuite> <!-- tests.HeaderTabsTests -->
