<?xml version="1.0" encoding="UTF-8"?>
<!-- Generated by org.testng.reporters.JUnitReportReporter -->
<testsuite hostname="DESKTOP-5TRQ2HB" name="tests.ScrollBarMovement" tests="1" failures="0" timestamp="19 May 2019 08:27:33 GMT" time="3.081" errors="0">
  <testcase name="expediaMainPageScrollBar" time="3.081" classname="tests.ScrollBarMovement"/>
</testsuite> <!-- tests.ScrollBarMovement -->
