<?xml version="1.0" encoding="UTF-8"?>
<!-- Generated by org.testng.reporters.JUnitReportReporter -->
<testsuite hostname="DESKTOP-5TRQ2HB" name="tests.SigninwithValidCredentials" tests="1" failures="0" timestamp="10 Jun 2019 19:38:31 GMT" time="17.470" errors="0">
  <testcase name="signInAccount" time="17.470" classname="tests.SigninwithValidCredentials"/>
</testsuite> <!-- tests.SigninwithValidCredentials -->
