<?xml version="1.0" encoding="UTF-8"?>
<!-- Generated by org.testng.reporters.JUnitReportReporter -->
<testsuite name="tests.Prdac" tests="1" time="12.531" ignored="0" failures="0" timestamp="10 Jun 2019 20:04:34 GMT" skipped="0" hostname="DESKTOP-5TRQ2HB" errors="0">
  <testcase name="testttt" time="12.531" classname="tests.Prdac"/>
</testsuite> <!-- tests.Prdac -->
