<?xml version="1.0" encoding="UTF-8"?>
<!-- Generated by org.testng.reporters.JUnitReportReporter -->
<testsuite name="tests.BookingaDesiredCar_Major_Functionality" tests="1" time="63.411" ignored="0" failures="0" timestamp="23 Jun 2019 15:23:04 GMT" skipped="0" hostname="DESKTOP-5TRQ2HB" errors="0">
  <testcase name="carReservation" time="63.411" classname="tests.BookingaDesiredCar_Major_Functionality"/>
</testsuite> <!-- tests.BookingaDesiredCar_Major_Functionality -->
