<?xml version="1.0" encoding="UTF-8"?>
<!-- Generated by org.testng.reporters.JUnitReportReporter -->
<testsuite hostname="DESKTOP-5TRQ2HB" name="tests.VerifyHomePageScrollBarMovesAlltheWayBottomofthePage" tests="1" failures="0" timestamp="10 Jun 2019 19:38:31 GMT" time="12.707" errors="0">
  <testcase name="expediaMainPageScrollBar" time="12.707" classname="tests.VerifyHomePageScrollBarMovesAlltheWayBottomofthePage"/>
</testsuite> <!-- tests.VerifyHomePageScrollBarMovesAlltheWayBottomofthePage -->
