<?xml version="1.0" encoding="UTF-8"?>
<!-- Generated by org.testng.reporters.JUnitReportReporter -->
<testsuite hostname="DESKTOP-5TRQ2HB" name="tests.SearchThingstoDobyDestination" tests="1" failures="0" timestamp="10 Jun 2019 19:38:32 GMT" time="23.162" errors="0">
  <testcase name="thingstoDo" time="23.162" classname="tests.SearchThingstoDobyDestination"/>
</testsuite> <!-- tests.SearchThingstoDobyDestination -->
