<?xml version="1.0" encoding="UTF-8"?>
<!-- Generated by org.testng.reporters.JUnitReportReporter -->
<testsuite name="tests.writeinXl" tests="1" time="12.097" ignored="0" failures="0" timestamp="11 Jun 2019 04:13:47 GMT" skipped="0" hostname="DESKTOP-5TRQ2HB" errors="0">
  <testcase name="testWriteinxl" time="12.097" classname="tests.writeinXl"/>
</testsuite> <!-- tests.writeinXl -->
