<?xml version="1.0" encoding="UTF-8"?>
<!-- Generated by org.testng.reporters.JUnitReportReporter -->
<testsuite hostname="DESKTOP-5TRQ2HB" name="tests.SignIn" tests="1" failures="0" timestamp="18 May 2019 23:43:47 GMT" time="5.773" errors="0">
  <testcase name="signInAccount" time="5.773" classname="tests.SignIn"/>
</testsuite> <!-- tests.SignIn -->
