<?xml version="1.0" encoding="UTF-8"?>
<!-- Generated by org.testng.reporters.JUnitReportReporter -->
<testsuite hostname="DESKTOP-5TRQ2HB" name="tests.Images" tests="2" failures="0" timestamp="19 May 2019 08:25:10 GMT" time="0.200" errors="0">
  <testcase name="expediaLogo" time="0.141" classname="tests.Images"/>
  <testcase name="scanQRCode" time="0.059" classname="tests.Images"/>
</testsuite> <!-- tests.Images -->
