<?xml version="1.0" encoding="UTF-8"?>
<!-- Generated by org.testng.reporters.JUnitReportReporter -->
<testsuite hostname="DESKTOP-5TRQ2HB" name="tests.SubHeaderTabsTest" tests="6" failures="0" timestamp="14 May 2019 07:17:11 GMT" time="1.596" errors="0">
  <testcase name="flights" time="0.347" classname="tests.SubHeaderTabsTest"/>
  <testcase name="bundleAndSave" time="0.136" classname="tests.SubHeaderTabsTest"/>
  <testcase name="vacation" time="0.260" classname="tests.SubHeaderTabsTest"/>
  <testcase name="hotes" time="0.460" classname="tests.SubHeaderTabsTest"/>
  <testcase name="cars" time="0.203" classname="tests.SubHeaderTabsTest"/>
  <testcase name="Cruises" time="0.190" classname="tests.SubHeaderTabsTest"/>
</testsuite> <!-- tests.SubHeaderTabsTest -->
