<?xml version="1.0" encoding="UTF-8"?>
<!-- Generated by org.testng.reporters.JUnitReportReporter -->
<testsuite hostname="DESKTOP-5TRQ2HB" name="tests.SubHeaderFlights" tests="1" failures="0" timestamp="26 May 2019 21:36:11 GMT" time="18.628" errors="0">
  <testcase name="flights" time="18.628" classname="tests.SubHeaderFlights"/>
</testsuite> <!-- tests.SubHeaderFlights -->
