<?xml version="1.0" encoding="UTF-8"?>
<!-- Generated by org.testng.reporters.JUnitReportReporter -->
<testsuite hostname="DESKTOP-5TRQ2HB" name="tests.PageFooterLinktextsVisibility" tests="9" failures="0" timestamp="17 May 2019 05:32:07 GMT" time="9.385" errors="0">
  <testcase name="expediaSitemapsFooterLinkTexts" time="0.675" classname="tests.PageFooterLinktextsVisibility"/>
  <testcase name="expediaPartnerServicesFooterLinkTexts" time="1.355" classname="tests.PageFooterLinktextsVisibility"/>
  <testcase name="expediaFooterLinkTexts" time="0.750" classname="tests.PageFooterLinktextsVisibility"/>
  <testcase name="expedia" time="0.107" classname="tests.PageFooterLinktextsVisibility"/>
  <testcase name="expediaLinksFooterLinktexts" time="0.473" classname="tests.PageFooterLinktextsVisibility"/>
  <testcase name="expediaEndTextAfterLinkTexts" time="0.125" classname="tests.PageFooterLinktextsVisibility"/>
  <testcase name="expediaRewardsFooterLinkTexts" time="0.576" classname="tests.PageFooterLinktextsVisibility"/>
  <testcase name="expediaPartnersFooterLinktexts" time="1.779" classname="tests.PageFooterLinktextsVisibility"/>
  <testcase name="expediaGlobalSitesFooterLinkTexts" time="3.545" classname="tests.PageFooterLinktextsVisibility"/>
</testsuite> <!-- tests.PageFooterLinktextsVisibility -->
