<?xml version="1.0" encoding="UTF-8"?>
<!-- Generated by org.testng.reporters.JUnitReportReporter -->
<testsuite hostname="DESKTOP-5TRQ2HB" name="tests.ReadFromXl" tests="1" failures="0" timestamp="1 Jun 2019 18:13:41 GMT" time="12.965" errors="0">
  <testcase name="testReadFromXl" time="12.965" classname="tests.ReadFromXl"/>
</testsuite> <!-- tests.ReadFromXl -->
