<?xml version="1.0" encoding="UTF-8"?>
<!-- Generated by org.testng.reporters.JUnitReportReporter -->
<testsuite name="tests.TotalLinksCount" tests="1" time="29.107" ignored="0" failures="0" timestamp="11 Jun 2019 03:55:24 GMT" skipped="0" hostname="DESKTOP-5TRQ2HB" errors="0">
  <testcase name="pageLinksCount" time="29.107" classname="tests.TotalLinksCount"/>
</testsuite> <!-- tests.TotalLinksCount -->
