<?xml version="1.0" encoding="UTF-8"?>
<!-- Generated by org.testng.reporters.JUnitReportReporter -->
<testsuite hostname="DESKTOP-5TRQ2HB" name="tests.SigninwithValidCredentials" tests="1" failures="0" timestamp="1 Jun 2019 00:56:04 GMT" time="18.630" errors="0">
  <testcase name="signInAccount" time="18.630" classname="tests.SigninwithValidCredentials"/>
</testsuite> <!-- tests.SigninwithValidCredentials -->
