<?xml version="1.0" encoding="UTF-8"?>
<!-- Generated by org.testng.reporters.JUnitReportReporter -->
<testsuite hostname="DESKTOP-5TRQ2HB" name="tests.VerifyUserLandedontheRightPage" tests="1" failures="0" timestamp="10 Jun 2019 19:38:31 GMT" time="9.676" errors="0">
  <testcase name="userLandedontherightpage" time="9.676" classname="tests.VerifyUserLandedontheRightPage"/>
</testsuite> <!-- tests.VerifyUserLandedontheRightPage -->
