<?xml version="1.0" encoding="UTF-8"?>
<!-- Generated by org.testng.reporters.JUnitReportReporter -->
<testsuite hostname="DESKTOP-5TRQ2HB" name="tests.userisAbletoReserveaCar" tests="1" failures="0" timestamp="23 May 2019 04:49:56 GMT" time="24.058" errors="0">
  <testcase name="carReservation" time="24.058" classname="tests.userisAbletoReserveaCar"/>
</testsuite> <!-- tests.userisAbletoReserveaCar -->
