<?xml version="1.0" encoding="UTF-8"?>
<!-- Generated by org.testng.reporters.JUnitReportReporter -->
<testsuite hostname="DESKTOP-5TRQ2HB" name="tests.VerifyHeaderTabsTakeUsertotheRightPage" tests="1" failures="0" timestamp="10 Jun 2019 19:38:31 GMT" time="42.540" errors="0">
  <testcase name="headerTabsClickability" time="42.540" classname="tests.VerifyHeaderTabsTakeUsertotheRightPage"/>
</testsuite> <!-- tests.VerifyHeaderTabsTakeUsertotheRightPage -->
