<?xml version="1.0" encoding="UTF-8"?>
<!-- Generated by org.testng.reporters.JUnitReportReporter -->
<testsuite hostname="DESKTOP-5TRQ2HB" name="tests.ReadFromXl" tests="1" failures="0" timestamp="10 Jun 2019 19:38:31 GMT" time="15.662" errors="0">
  <testcase name="testReadFromXl" time="15.662" classname="tests.ReadFromXl"/>
</testsuite> <!-- tests.ReadFromXl -->
