<?xml version="1.0" encoding="UTF-8"?>
<!-- Generated by org.testng.reporters.JUnitReportReporter -->
<testsuite hostname="DESKTOP-5TRQ2HB" name="tests.SearchThingstoDobyDestination" tests="1" failures="0" timestamp="1 Jun 2019 00:56:04 GMT" time="28.620" errors="0">
  <testcase name="thingstoDo" time="28.620" classname="tests.SearchThingstoDobyDestination"/>
</testsuite> <!-- tests.SearchThingstoDobyDestination -->
