<?xml version="1.0" encoding="UTF-8"?>
<!-- Generated by org.testng.reporters.JUnitReportReporter -->
<testsuite hostname="DESKTOP-5TRQ2HB" name="tests.VerifyallFooterlinksDisplayedasRequirements" tests="9" failures="0" timestamp="1 Jun 2019 00:56:04 GMT" time="94.318" errors="0">
  <testcase name="expediaLinksFooterLinktexts" time="10.379" classname="tests.VerifyallFooterlinksDisplayedasRequirements"/>
  <testcase name="expediaEndTextAfterLinkTexts" time="9.490" classname="tests.VerifyallFooterlinksDisplayedasRequirements"/>
  <testcase name="expedia" time="9.522" classname="tests.VerifyallFooterlinksDisplayedasRequirements"/>
  <testcase name="expediaPartnersFooterLinktexts" time="11.203" classname="tests.VerifyallFooterlinksDisplayedasRequirements"/>
  <testcase name="expediaPartnerServicesFooterLinkTexts" time="10.450" classname="tests.VerifyallFooterlinksDisplayedasRequirements"/>
  <testcase name="expediaSitemapsFooterLinkTexts" time="9.982" classname="tests.VerifyallFooterlinksDisplayedasRequirements"/>
  <testcase name="expediaRewardsFooterLinkTexts" time="9.809" classname="tests.VerifyallFooterlinksDisplayedasRequirements"/>
  <testcase name="expediaFooterLinkTexts" time="12.311" classname="tests.VerifyallFooterlinksDisplayedasRequirements"/>
  <testcase name="expediaGlobalSitesFooterLinkTexts" time="11.172" classname="tests.VerifyallFooterlinksDisplayedasRequirements"/>
</testsuite> <!-- tests.VerifyallFooterlinksDisplayedasRequirements -->
