<?xml version="1.0" encoding="UTF-8"?>
<!-- Generated by org.testng.reporters.JUnitReportReporter -->
<testsuite hostname="DESKTOP-5TRQ2HB" name="tests.ReadFromXl" tests="1" failures="0" timestamp="1 Jun 2019 00:56:04 GMT" time="13.698" errors="0">
  <testcase name="testReadFromXl" time="13.698" classname="tests.ReadFromXl"/>
</testsuite> <!-- tests.ReadFromXl -->
