<?xml version="1.0" encoding="UTF-8"?>
<!-- Generated by org.testng.reporters.JUnitReportReporter -->
<testsuite hostname="DESKTOP-5TRQ2HB" name="tests.CreateAnAccount" tests="4" failures="0" timestamp="16 May 2019 07:34:10 GMT" time="4.047" errors="0">
  <testcase name="info" time="3.613" classname="tests.CreateAnAccount"/>
  <testcase name="createAccountHeader" time="0.153" classname="tests.CreateAnAccount"/>
  <testcase name="cAccSubmitButton" time="0.157" classname="tests.CreateAnAccount"/>
  <testcase name="creatAnAccountFromDropDown" time="0.124" classname="tests.CreateAnAccount"/>
</testsuite> <!-- tests.CreateAnAccount -->
