<?xml version="1.0" encoding="UTF-8"?>
<!-- Generated by org.testng.reporters.JUnitReportReporter -->
<testsuite hostname="DESKTOP-5TRQ2HB" name="tests.VerifyUserUsedRightUrl" tests="1" failures="0" timestamp="1 Jun 2019 18:13:41 GMT" time="8.674" errors="0">
  <testcase name="usingrighturl" time="8.674" classname="tests.VerifyUserUsedRightUrl"/>
</testsuite> <!-- tests.VerifyUserUsedRightUrl -->
