<?xml version="1.0" encoding="UTF-8"?>
<!-- Generated by org.testng.reporters.JUnitReportReporter -->
<testsuite hostname="DESKTOP-5TRQ2HB" name="tests.SubHeaderTest" tests="6" failures="0" timestamp="14 May 2019 05:50:09 GMT" time="1.603" errors="0">
  <testcase name="flights" time="0.248" classname="tests.SubHeaderTest"/>
  <testcase name="bundleAndSave" time="0.136" classname="tests.SubHeaderTest"/>
  <testcase name="vacation" time="0.600" classname="tests.SubHeaderTest"/>
  <testcase name="hotes" time="0.242" classname="tests.SubHeaderTest"/>
  <testcase name="cars" time="0.157" classname="tests.SubHeaderTest"/>
  <testcase name="Cruises" time="0.220" classname="tests.SubHeaderTest"/>
</testsuite> <!-- tests.SubHeaderTest -->
