<?xml version="1.0" encoding="UTF-8"?>
<!-- Generated by org.testng.reporters.JUnitReportReporter -->
<testsuite hostname="DESKTOP-5TRQ2HB" name="tests.HeaderTabsTests" tests="8" failures="0" timestamp="16 May 2019 07:16:44 GMT" time="15.651" errors="0">
  <testcase name="mobile" time="2.487" classname="tests.HeaderTabsTests"/>
  <testcase name="thingsToDo" time="1.166" classname="tests.HeaderTabsTests"/>
  <testcase name="cars" time="1.750" classname="tests.HeaderTabsTests"/>
  <testcase name="deals" time="1.530" classname="tests.HeaderTabsTests"/>
  <testcase name="cruises" time="2.144" classname="tests.HeaderTabsTests"/>
  <testcase name="hotels" time="2.235" classname="tests.HeaderTabsTests"/>
  <testcase name="bundleAndSave" time="2.089" classname="tests.HeaderTabsTests"/>
  <testcase name="flights" time="2.250" classname="tests.HeaderTabsTests"/>
</testsuite> <!-- tests.HeaderTabsTests -->
