<?xml version="1.0" encoding="UTF-8"?>
<!-- Generated by org.testng.reporters.JUnitReportReporter -->
<testsuite hostname="DESKTOP-5TRQ2HB" name="tests.VerifyHeaderTabsTakeUsertotheRightPage" tests="1" failures="0" timestamp="1 Jun 2019 00:56:04 GMT" time="58.898" errors="0">
  <testcase name="headerTabsClickability" time="58.898" classname="tests.VerifyHeaderTabsTakeUsertotheRightPage"/>
</testsuite> <!-- tests.VerifyHeaderTabsTakeUsertotheRightPage -->
