<?xml version="1.0" encoding="UTF-8"?>
<!-- Generated by org.testng.reporters.JUnitReportReporter -->
<testsuite hostname="DESKTOP-5TRQ2HB" name="tests.TryCatchPractice" tests="1" failures="0" timestamp="14 May 2019 06:12:12 GMT" time="0.000" errors="0">
  <testcase name="tryCatchTest" time="0.000" classname="tests.TryCatchPractice"/>
</testsuite> <!-- tests.TryCatchPractice -->
