<?xml version="1.0" encoding="UTF-8"?>
<!-- Generated by org.testng.reporters.JUnitReportReporter -->
<testsuite name="tests.TryCatchPractice" tests="1" time="11.940" ignored="0" failures="0" timestamp="29 Jun 2019 05:13:31 GMT" skipped="0" hostname="DESKTOP-5TRQ2HB" errors="0">
  <testcase name="tryCatchPractice" time="11.940" classname="tests.TryCatchPractice"/>
</testsuite> <!-- tests.TryCatchPractice -->
