<?xml version="1.0" encoding="UTF-8"?>
<!-- Generated by org.testng.reporters.JUnitReportReporter -->
<testsuite hostname="DESKTOP-5TRQ2HB" name="tests.BookingaDesiredCar_Major_Functionality" tests="1" failures="0" timestamp="1 Jun 2019 18:13:41 GMT" time="41.607" errors="0">
  <testcase name="carReservation" time="41.607" classname="tests.BookingaDesiredCar_Major_Functionality"/>
</testsuite> <!-- tests.BookingaDesiredCar_Major_Functionality -->
