<?xml version="1.0" encoding="UTF-8"?>
<!-- Generated by org.testng.reporters.JUnitReportReporter -->
<testsuite hostname="DESKTOP-5TRQ2HB" name="tests.VerifyHomePageScrollBarMovesAlltheWayBottomofthePage" tests="1" failures="0" timestamp="1 Jun 2019 00:56:04 GMT" time="13.081" errors="0">
  <testcase name="expediaMainPageScrollBar" time="13.081" classname="tests.VerifyHomePageScrollBarMovesAlltheWayBottomofthePage"/>
</testsuite> <!-- tests.VerifyHomePageScrollBarMovesAlltheWayBottomofthePage -->
