<?xml version="1.0" encoding="UTF-8"?>
<!-- Generated by org.testng.reporters.JUnitReportReporter -->
<testsuite name="tests.Totalimagescountinthewebpage" tests="1" time="11.105" ignored="0" failures="0" timestamp="11 Jun 2019 04:03:20 GMT" skipped="0" hostname="DESKTOP-5TRQ2HB" errors="0">
  <testcase name="totalImageCount" time="11.105" classname="tests.Totalimagescountinthewebpage"/>
</testsuite> <!-- tests.Totalimagescountinthewebpage -->
