<?xml version="1.0" encoding="UTF-8"?>
<!-- Generated by org.testng.reporters.JUnitReportReporter -->
<testsuite hostname="DESKTOP-5TRQ2HB" name="tests.SigninwithValidCredentials" tests="1" failures="0" timestamp="26 May 2019 21:27:02 GMT" time="15.252" errors="0">
  <testcase name="signInAccount" time="15.252" classname="tests.SigninwithValidCredentials"/>
</testsuite> <!-- tests.SigninwithValidCredentials -->
