<?xml version="1.0" encoding="UTF-8"?>
<!-- Generated by org.testng.reporters.JUnitReportReporter -->
<testsuite hostname="DESKTOP-5TRQ2HB" name="tests.writeinXl" tests="1" failures="0" timestamp="1 Jun 2019 00:56:04 GMT" time="9.955" errors="0">
  <testcase name="testWriteinxl" time="9.955" classname="tests.writeinXl"/>
</testsuite> <!-- tests.writeinXl -->
