<?xml version="1.0" encoding="UTF-8"?>
<!-- Generated by org.testng.reporters.JUnitReportReporter -->
<testsuite hostname="DESKTOP-5TRQ2HB" name="tests.ConfirmUserReceivedLinktexttoDownloadExpediaApp" tests="1" failures="0" timestamp="10 Jun 2019 19:38:31 GMT" time="11.624" errors="0">
  <testcase name="textMessageReceive" time="11.624" classname="tests.ConfirmUserReceivedLinktexttoDownloadExpediaApp"/>
</testsuite> <!-- tests.ConfirmUserReceivedLinktexttoDownloadExpediaApp -->
