<?xml version="1.0" encoding="UTF-8"?>
<!-- Generated by org.testng.reporters.JUnitReportReporter -->
<testsuite name="tests.ConfirmUserReceivedLinktexttoDownloadExpediaApp" tests="1" time="12.014" ignored="0" failures="0" timestamp="27 Jun 2019 02:59:28 GMT" skipped="0" hostname="DESKTOP-5TRQ2HB" errors="0">
  <testcase name="textMessageReceive" time="12.014" classname="tests.ConfirmUserReceivedLinktexttoDownloadExpediaApp"/>
</testsuite> <!-- tests.ConfirmUserReceivedLinktexttoDownloadExpediaApp -->
