<?xml version="1.0" encoding="UTF-8"?>
<!-- Generated by org.testng.reporters.JUnitReportReporter -->
<testsuite hostname="DESKTOP-5TRQ2HB" name="tests.VerifyUserUsedRightUrl" tests="1" failures="0" timestamp="10 Jun 2019 19:38:32 GMT" time="10.457" errors="0">
  <testcase name="usingrighturl" time="10.457" classname="tests.VerifyUserUsedRightUrl"/>
</testsuite> <!-- tests.VerifyUserUsedRightUrl -->
