<?xml version="1.0" encoding="UTF-8"?>
<!-- Generated by org.testng.reporters.JUnitReportReporter -->
<testsuite hostname="DESKTOP-5TRQ2HB" name="tests.VerifyUserUsedRightUrl" tests="1" failures="0" timestamp="1 Jun 2019 00:56:04 GMT" time="10.249" errors="0">
  <testcase name="usingrighturl" time="10.249" classname="tests.VerifyUserUsedRightUrl"/>
</testsuite> <!-- tests.VerifyUserUsedRightUrl -->
