<?xml version="1.0" encoding="UTF-8"?>
<!-- Generated by org.testng.reporters.JUnitReportReporter -->
<testsuite hostname="DESKTOP-5TRQ2HB" name="tests.CreateAnAccount" tests="8" failures="0" timestamp="22 May 2019 01:34:54 GMT" time="7.424" errors="0">
  <testcase name="cAccSubmitButton" time="0.117" classname="tests.CreateAnAccount"/>
  <testcase name="accountHeader" time="0.176" classname="tests.CreateAnAccount"/>
  <testcase name="info" time="3.211" classname="tests.CreateAnAccount"/>
  <testcase name="creatAnAccountFromDropDown" time="0.147" classname="tests.CreateAnAccount"/>
  <testcase name="info" time="3.349" classname="tests.CreateAnAccount"/>
  <testcase name="creatAnAccountFromDropDown" time="0.142" classname="tests.CreateAnAccount"/>
  <testcase name="cAccSubmitButton" time="0.120" classname="tests.CreateAnAccount"/>
  <testcase name="accountHeader" time="0.162" classname="tests.CreateAnAccount"/>
</testsuite> <!-- tests.CreateAnAccount -->
