<?xml version="1.0" encoding="UTF-8"?>
<!-- Generated by org.testng.reporters.JUnitReportReporter -->
<testsuite name="tests.SigninwithValidCredentials" tests="1" time="19.163" ignored="0" failures="0" timestamp="27 Jun 2019 02:30:27 GMT" skipped="0" hostname="DESKTOP-5TRQ2HB" errors="0">
  <testcase name="signInAccount" time="19.163" classname="tests.SigninwithValidCredentials"/>
</testsuite> <!-- tests.SigninwithValidCredentials -->
