<?xml version="1.0" encoding="UTF-8"?>
<!-- Generated by org.testng.reporters.JUnitReportReporter -->
<testsuite hostname="DESKTOP-5TRQ2HB" name="tests.VerifyExpediaLogoandQRCodeDisplayedonTheHomePage" tests="2" failures="0" timestamp="1 Jun 2019 00:56:04 GMT" time="22.546" errors="0">
  <testcase name="expediaLogo" time="11.421" classname="tests.VerifyExpediaLogoandQRCodeDisplayedonTheHomePage"/>
  <testcase name="scanQRCode" time="11.125" classname="tests.VerifyExpediaLogoandQRCodeDisplayedonTheHomePage"/>
</testsuite> <!-- tests.VerifyExpediaLogoandQRCodeDisplayedonTheHomePage -->
