<?xml version="1.0" encoding="UTF-8"?>
<!-- Generated by org.testng.reporters.JUnitReportReporter -->
<testsuite hostname="DESKTOP-5TRQ2HB" name="tests.UserisAbletoSigninwithValidCredentials" tests="1" failures="0" timestamp="22 May 2019 01:43:35 GMT" time="6.055" errors="0">
  <testcase name="signInAccount" time="6.055" classname="tests.UserisAbletoSigninwithValidCredentials"/>
</testsuite> <!-- tests.UserisAbletoSigninwithValidCredentials -->
