<?xml version="1.0" encoding="UTF-8"?>
<!-- Generated by org.testng.reporters.JUnitReportReporter -->
<testsuite name="tests.PracticeGetTitle" tests="1" time="16.946" ignored="0" failures="0" timestamp="25 Jun 2019 18:39:02 GMT" skipped="0" hostname="DESKTOP-5TRQ2HB" errors="0">
  <testcase name="signInAccount" time="16.946" classname="tests.PracticeGetTitle"/>
</testsuite> <!-- tests.PracticeGetTitle -->
