<?xml version="1.0" encoding="UTF-8"?>
<!-- Generated by org.testng.reporters.JUnitReportReporter -->
<testsuite hostname="DESKTOP-5TRQ2HB" name="tests.Flights" tests="4" failures="0" timestamp="19 May 2019 00:00:08 GMT" time="3.160" errors="0">
  <testcase name="rTrip" time="0.921" classname="tests.Flights"/>
  <testcase name="mltCities" time="0.141" classname="tests.Flights"/>
  <testcase name="flights" time="1.990" classname="tests.Flights"/>
  <testcase name="onwy" time="0.108" classname="tests.Flights"/>
</testsuite> <!-- tests.Flights -->
