<?xml version="1.0" encoding="UTF-8"?>
<!-- Generated by org.testng.reporters.JUnitReportReporter -->
<testsuite hostname="DESKTOP-5TRQ2HB" name="tests.CreateAnAccountWithExpedia" tests="1" failures="0" timestamp="1 Jun 2019 18:13:41 GMT" time="13.312" errors="0">
  <testcase name="accountHeader" time="13.312" classname="tests.CreateAnAccountWithExpedia"/>
</testsuite> <!-- tests.CreateAnAccountWithExpedia -->
